2021-07-24T20:37:19.0410617-03:00  [INF] Application started. Press Ctrl+C to shut down. (dcaefe54)
2021-07-24T20:37:19.0575666-03:00  [INF] Hosting environment: "Development" (c3307c92)
2021-07-24T20:37:19.0606408-03:00  [INF] Content root path: "C:\Users\User\Documents\GitHub\Bot\Api\BotTakeBlip" (b5d60022)
2021-07-24T20:37:30.4600781-03:00 8000002e-0002-fb00-b63f-84710c7967bb [INF] GetReposByFullName running :: info :: reposName 121212 :: url https://api.github.com/repos/takenet/121212 (9907a337)
2021-07-24T20:37:31.9029867-03:00 8000002e-0002-fb00-b63f-84710c7967bb [WRN] GetReposByFullName :: error : {"message":"Not Found","documentation_url":"https://docs.github.com/rest/reference/repos#get-a-repository"} (973a2b5f)
2021-07-24T20:37:32.3465470-03:00 8000002e-0002-fb00-b63f-84710c7967bb [WRN] GetReposByFullName :: error : an error occurred while performing this operation (ca1e2073)
System.ArgumentNullException: {"message":"Not Found","documentation_url":"https://docs.github.com/rest/reference/repos#get-a-repository"} (Parameter 'ApiKace')
   at BotTakeBlip.Services.ReposRepositories.GetReposByFullName(ILogger _logger, String name) in C:\Users\User\Documents\GitHub\Bot\Api\BotTakeBlip\Repositories\ReposRepositories.cs:line 81
2021-07-24T20:54:51.6553285-03:00  [INF] Application started. Press Ctrl+C to shut down. (dcaefe54)
2021-07-24T20:54:51.6680705-03:00  [INF] Hosting environment: "Development" (c3307c92)
2021-07-24T20:54:51.6711084-03:00  [INF] Content root path: "C:\Users\User\Documents\GitHub\Bot\Api\BotTakeBlip" (b5d60022)
2021-07-24T20:55:01.2876900-03:00 80000083-0000-fd00-b63f-84710c7967bb [INF] GetReposByFullName running :: info :: reposName sdasdd2232 :: url https://api.github.com/repos/takenet/sdasdd2232 (5b470e9b)
2021-07-24T20:55:02.4498638-03:00 80000083-0000-fd00-b63f-84710c7967bb [INF] GetReposByFullName :: error : there is no such repository :: reposName {name} (90b56671)
2021-07-24T20:55:46.1767589-03:00  [INF] Application started. Press Ctrl+C to shut down. (dcaefe54)
2021-07-24T20:55:46.1898453-03:00  [INF] Hosting environment: "Development" (c3307c92)
2021-07-24T20:55:46.1922224-03:00  [INF] Content root path: "C:\Users\User\Documents\GitHub\Bot\Api\BotTakeBlip" (b5d60022)
2021-07-24T20:55:56.0688677-03:00 80000061-0004-fe00-b63f-84710c7967bb [INF] GetReposByFullName running :: info :: reposName fwseef34234w :: url https://api.github.com/repos/takenet/fwseef34234w (23fd9f26)
2021-07-24T20:55:57.1278382-03:00 80000061-0004-fe00-b63f-84710c7967bb [INF] GetReposByFullName :: error : there is no such repository :: reposName {name} (90b56671)
2021-07-24T20:56:11.6863092-03:00 80000063-0004-fe00-b63f-84710c7967bb [INF] GetReposByFullName running :: info :: reposName fwseef34234w :: url https://api.github.com/repos/takenet/fwseef34234w (23fd9f26)
2021-07-24T20:56:12.3932450-03:00 80000063-0004-fe00-b63f-84710c7967bb [INF] GetReposByFullName :: error : there is no such repository :: reposName {name} (90b56671)
2021-07-24T20:56:37.4561324-03:00  [INF] Application started. Press Ctrl+C to shut down. (dcaefe54)
2021-07-24T20:56:37.4676610-03:00  [INF] Hosting environment: "Development" (c3307c92)
2021-07-24T20:56:37.4702434-03:00  [INF] Content root path: "C:\Users\User\Documents\GitHub\Bot\Api\BotTakeBlip" (b5d60022)
2021-07-24T20:56:50.9986183-03:00 80000085-0000-fd00-b63f-84710c7967bb [INF] GetReposByFullName running :: info :: reposName faefwwe24324242 :: url https://api.github.com/repos/takenet/faefwwe24324242 (e71b31f0)
2021-07-24T20:56:52.1618686-03:00 80000085-0000-fd00-b63f-84710c7967bb [INF] GetReposByFullName :: error : there is no such repository :: reposName {name} (90b56671)
